<?xml version="1.0" encoding="UTF-8"?>
<testng-results ignored="0" total="2" passed="2" failed="0" skipped="0">
  <reporter-output>
  </reporter-output>
  <suite started-at="2022-08-17T12:29:25 IST" name="Suite" finished-at="2022-08-17T12:29:53 IST" duration-ms="28427">
    <groups>
    </groups>
    <test started-at="2022-08-17T12:29:25 IST" name="Test" finished-at="2022-08-17T12:29:53 IST" duration-ms="28427">
      <class name="TestClass.LoginPageTest">
        <test-method is-config="true" signature="loadConfig()[pri:0, instance:TestClass.LoginPageTest@7690781]" started-at="2022-08-17T12:29:25 IST" name="loadConfig" finished-at="2022-08-17T12:29:25 IST" duration-ms="15" status="PASS">
          <reporter-output>
          </reporter-output>
        </test-method> <!-- loadConfig -->
        <test-method is-config="true" signature="setup()[pri:0, instance:TestClass.LoginPageTest@7690781]" started-at="2022-08-17T12:29:25 IST" name="setup" finished-at="2022-08-17T12:29:34 IST" duration-ms="9277" status="PASS">
          <reporter-output>
          </reporter-output>
        </test-method> <!-- setup -->
        <test-method signature="ValidateTitleTest()[pri:1, instance:TestClass.LoginPageTest@7690781]" started-at="2022-08-17T12:29:34 IST" name="ValidateTitleTest" finished-at="2022-08-17T12:29:34 IST" duration-ms="120" status="PASS">
          <reporter-output>
          </reporter-output>
        </test-method> <!-- ValidateTitleTest -->
        <test-method is-config="true" signature="tearDown()[pri:0, instance:TestClass.LoginPageTest@7690781]" started-at="2022-08-17T12:29:34 IST" name="tearDown" finished-at="2022-08-17T12:29:34 IST" duration-ms="267" status="PASS">
          <reporter-output>
          </reporter-output>
        </test-method> <!-- tearDown -->
        <test-method is-config="true" signature="setup()[pri:0, instance:TestClass.LoginPageTest@7690781]" started-at="2022-08-17T12:29:34 IST" name="setup" finished-at="2022-08-17T12:29:40 IST" duration-ms="6194" status="PASS">
          <reporter-output>
          </reporter-output>
        </test-method> <!-- setup -->
        <test-method signature="ValidateLoginCredinatilTest()[pri:2, instance:TestClass.LoginPageTest@7690781]" started-at="2022-08-17T12:29:40 IST" name="ValidateLoginCredinatilTest" finished-at="2022-08-17T12:29:53 IST" duration-ms="12271" status="PASS">
          <reporter-output>
          </reporter-output>
        </test-method> <!-- ValidateLoginCredinatilTest -->
        <test-method is-config="true" signature="tearDown()[pri:0, instance:TestClass.LoginPageTest@7690781]" started-at="2022-08-17T12:29:53 IST" name="tearDown" finished-at="2022-08-17T12:29:53 IST" duration-ms="240" status="PASS">
          <reporter-output>
          </reporter-output>
        </test-method> <!-- tearDown -->
        <test-method is-config="true" signature="afterSuite()[pri:0, instance:TestClass.LoginPageTest@7690781]" started-at="2022-08-17T12:29:53 IST" name="afterSuite" finished-at="2022-08-17T12:29:53 IST" duration-ms="1" status="PASS">
          <reporter-output>
          </reporter-output>
        </test-method> <!-- afterSuite -->
      </class> <!-- TestClass.LoginPageTest -->
    </test> <!-- Test -->
  </suite> <!-- Suite -->
</testng-results>
