<?xml version="1.0" encoding="UTF-8"?>
<testng-results ignored="0" total="1" passed="1" failed="0" skipped="0">
  <reporter-output>
  </reporter-output>
  <suite started-at="2022-08-17T16:03:48 IST" name="Suite" finished-at="2022-08-17T16:03:54 IST" duration-ms="5818">
    <groups>
    </groups>
    <test started-at="2022-08-17T16:03:48 IST" name="Test" finished-at="2022-08-17T16:03:54 IST" duration-ms="5818">
      <class name="TestClass.Login1">
        <test-method is-config="true" signature="loadConfig()[pri:0, instance:TestClass.Login1@26275bef]" started-at="2022-08-17T16:03:48 IST" name="loadConfig" finished-at="2022-08-17T16:03:48 IST" duration-ms="12" status="PASS">
          <reporter-output>
          </reporter-output>
        </test-method> <!-- loadConfig -->
        <test-method is-config="true" signature="setup()[pri:0, instance:TestClass.Login1@26275bef]" started-at="2022-08-17T16:03:48 IST" name="setup" finished-at="2022-08-17T16:03:54 IST" duration-ms="5555" status="PASS">
          <reporter-output>
          </reporter-output>
        </test-method> <!-- setup -->
        <test-method signature="ValidateTitleTest()[pri:0, instance:TestClass.Login1@26275bef]" started-at="2022-08-17T16:03:54 IST" name="ValidateTitleTest" finished-at="2022-08-17T16:03:54 IST" duration-ms="51" status="PASS">
          <reporter-output>
          </reporter-output>
        </test-method> <!-- ValidateTitleTest -->
        <test-method is-config="true" signature="tearDown()[pri:0, instance:TestClass.Login1@26275bef]" started-at="2022-08-17T16:03:54 IST" name="tearDown" finished-at="2022-08-17T16:03:54 IST" duration-ms="176" status="PASS">
          <reporter-output>
          </reporter-output>
        </test-method> <!-- tearDown -->
        <test-method is-config="true" signature="afterSuite()[pri:0, instance:TestClass.Login1@26275bef]" started-at="2022-08-17T16:03:54 IST" name="afterSuite" finished-at="2022-08-17T16:03:54 IST" duration-ms="0" status="PASS">
          <reporter-output>
          </reporter-output>
        </test-method> <!-- afterSuite -->
      </class> <!-- TestClass.Login1 -->
    </test> <!-- Test -->
  </suite> <!-- Suite -->
</testng-results>
